#
# A fatal error has been detected by the Java Runtime Environment:
#
#  Internal Error (relocInfo_x86.cpp:155), pid=27064, tid=23116
#  guarantee(which == Assembler::imm_operand) failed: must be immediate operand
#
# JRE version: OpenJDK Runtime Environment Temurin-17.0.6+10 (17.0.6+10) (build 17.0.6+10)
# Java VM: OpenJDK 64-Bit Server VM Temurin-17.0.6+10 (17.0.6+10, mixed mode, tiered, compressed oops, compressed class ptrs, parallel gc, windows-amd64)
# No core dump will be written. Minidumps are not enabled by default on client versions of Windows
#
# If you would like to submit a bug report, please visit:
#   https://github.com/adoptium/adoptium-support/issues
#

---------------  S U M M A R Y ------------

Command Line: --add-modules=ALL-SYSTEM --add-opens=java.base/java.util=ALL-UNNAMED --add-opens=java.base/java.lang=ALL-UNNAMED --add-opens=java.base/sun.nio.fs=ALL-UNNAMED -Declipse.application=org.eclipse.jdt.ls.core.id1 -Dosgi.bundles.defaultStartLevel=4 -Declipse.product=org.eclipse.jdt.ls.core.product -Djava.import.generatesMetadataFilesAtProjectRoot=false -Dfile.encoding=utf8 -XX:+UseParallelGC -XX:GCTimeRatio=4 -XX:AdaptiveSizePolicyWeight=90 -Dsun.zip.disableMemoryMapping=true -Xmx1G -Xms100m -Xlog:disable -javaagent:c:\Users\DELL\.vscode\extensions\redhat.java-1.16.0-win32-x64\lombok\lombok-1.18.24.jar -XX:+HeapDumpOnOutOfMemoryError -XX:HeapDumpPath=c:\Users\DELL\AppData\Roaming\Code\User\workspaceStorage\8420c852ba8e38163b738c81823d7041\redhat.java c:\Users\DELL\.vscode\extensions\redhat.java-1.16.0-win32-x64\server\plugins\org.eclipse.equinox.launcher_1.6.400.v20210924-0641.jar -configuration c:\Users\DELL\AppData\Roaming\Code\User\globalStorage\redhat.java\1.16.0\config_win -data c:\Users\DELL\AppData\Roaming\Code\User\workspaceStorage\8420c852ba8e38163b738c81823d7041\redhat.java\jdt_ws

Host: 11th Gen Intel(R) Core(TM) i5-11320H @ 3.20GHz, 8 cores, 15G,  Windows 11 , 64 bit Build 22621 (10.0.22621.1485)
Time: Tue Apr 11 12:51:41 2023 Bangladesh Standard Time elapsed time: 174814.815414 seconds (2d 0h 33m 34s)

---------------  T H R E A D  ---------------

Current thread (0x000001fdd4d49370):  VMThread "VM Thread" [stack: 0x0000003988e00000,0x0000003988f00000] [id=23116]

Stack: [0x0000003988e00000,0x0000003988f00000]
Native frames: (J=compiled Java code, j=interpreted, Vv=VM code, C=native code)
V  [jvm.dll+0x67741a]
V  [jvm.dll+0x834434]
V  [jvm.dll+0x835bde]
V  [jvm.dll+0x8361f7]
V  [jvm.dll+0x2456ec]
V  [jvm.dll+0x6c839f]
V  [jvm.dll+0x6c6fb5]
V  [jvm.dll+0x64f30c]
V  [jvm.dll+0x31f6c7]
V  [jvm.dll+0x64d96b]
V  [jvm.dll+0x64d0f9]
V  [jvm.dll+0x20280e]
V  [jvm.dll+0x6b118a]
V  [jvm.dll+0x6b023d]
V  [jvm.dll+0x6b68c1]
V  [jvm.dll+0x682713]
V  [jvm.dll+0x6b7f94]
V  [jvm.dll+0x83a6eb]
V  [jvm.dll+0x83b424]
V  [jvm.dll+0x83b93c]
V  [jvm.dll+0x83bd14]
V  [jvm.dll+0x83bde0]
V  [jvm.dll+0x7e483a]
V  [jvm.dll+0x6762c5]
C  [ucrtbase.dll+0x29363]
C  [KERNEL32.DLL+0x1269d]
C  [ntdll.dll+0x5a9f8]

VM_Operation (0x000000398a8fe380): ParallelGCFailedAllocation, mode: safepoint, requested by thread 0x000001fdd96f0240


---------------  P R O C E S S  ---------------

Threads class SMR info:
_java_thread_list=0x000001fdd9716f50, length=28, elements={
0x000001fdbef80930, 0x000001fdbf033310, 0x000001fdbf035380, 0x000001fdd4d4dff0,
0x000001fdd4d4e8b0, 0x000001fdd6858ea0, 0x000001fdd6859f00, 0x000001fdd6860f40,
0x000001fdd6861840, 0x000001fdd6862cd0, 0x000001fdbefe3650, 0x000001fdd6b64050,
0x000001fdd7de0b10, 0x000001fdd8ce3c30, 0x000001fdd8c75f50, 0x000001fdd8b33ad0,
0x000001fdd8d9a7f0, 0x000001fdd8fba4b0, 0x000001fdd8fb9640, 0x000001fdd8fba980,
0x000001fdd8fb9b10, 0x000001fdd96f1580, 0x000001fdd96a3a00, 0x000001fddb0dd630,
0x000001fdd96f0240, 0x000001fdd8fb8ca0, 0x000001fdd96a56e0, 0x000001fdd96a6a20
}

Java Threads: ( => current thread )
  0x000001fdbef80930 JavaThread "main" [_thread_blocked, id=22908, stack(0x0000003988c00000,0x0000003988d00000)]
  0x000001fdbf033310 JavaThread "Reference Handler" daemon [_thread_blocked, id=15444, stack(0x0000003988f00000,0x0000003989000000)]
  0x000001fdbf035380 JavaThread "Finalizer" daemon [_thread_blocked, id=22916, stack(0x0000003989000000,0x0000003989100000)]
  0x000001fdd4d4dff0 JavaThread "Signal Dispatcher" daemon [_thread_blocked, id=28540, stack(0x0000003989100000,0x0000003989200000)]
  0x000001fdd4d4e8b0 JavaThread "Attach Listener" daemon [_thread_blocked, id=24612, stack(0x0000003989200000,0x0000003989300000)]
  0x000001fdd6858ea0 JavaThread "Service Thread" daemon [_thread_blocked, id=1928, stack(0x0000003989300000,0x0000003989400000)]
  0x000001fdd6859f00 JavaThread "Monitor Deflation Thread" daemon [_thread_blocked, id=26104, stack(0x0000003989400000,0x0000003989500000)]
  0x000001fdd6860f40 JavaThread "C2 CompilerThread0" daemon [_thread_blocked, id=1508, stack(0x0000003989500000,0x0000003989600000)]
  0x000001fdd6861840 JavaThread "C1 CompilerThread0" daemon [_thread_blocked, id=21140, stack(0x0000003989600000,0x0000003989700000)]
  0x000001fdd6862cd0 JavaThread "Sweeper thread" daemon [_thread_blocked, id=22652, stack(0x0000003989700000,0x0000003989800000)]
  0x000001fdbefe3650 JavaThread "Common-Cleaner" daemon [_thread_blocked, id=19028, stack(0x0000003989800000,0x0000003989900000)]
  0x000001fdd6b64050 JavaThread "Notification Thread" daemon [_thread_blocked, id=25108, stack(0x0000003989a00000,0x0000003989b00000)]
  0x000001fdd7de0b10 JavaThread "Active Thread: Equinox Container: 4ea7f4f8-237d-42d9-b79a-83c6dccce676" [_thread_blocked, id=5116, stack(0x000000398a200000,0x000000398a300000)]
  0x000001fdd8ce3c30 JavaThread "Framework Event Dispatcher: Equinox Container: 4ea7f4f8-237d-42d9-b79a-83c6dccce676" daemon [_thread_blocked, id=12568, stack(0x000000398a400000,0x000000398a500000)]
  0x000001fdd8c75f50 JavaThread "Start Level: Equinox Container: 4ea7f4f8-237d-42d9-b79a-83c6dccce676" daemon [_thread_blocked, id=27148, stack(0x000000398a500000,0x000000398a600000)]
  0x000001fdd8b33ad0 JavaThread "SCR Component Actor" daemon [_thread_blocked, id=7452, stack(0x000000398a600000,0x000000398a700000)]
  0x000001fdd8d9a7f0 JavaThread "Worker-JM" [_thread_blocked, id=26252, stack(0x000000398a300000,0x000000398a400000)]
  0x000001fdd8fba4b0 JavaThread "Java indexing" daemon [_thread_blocked, id=23904, stack(0x000000398ab00000,0x000000398ac00000)]
  0x000001fdd8fb9640 JavaThread "JNA Cleaner" daemon [_thread_blocked, id=7256, stack(0x000000398ad00000,0x000000398ae00000)]
  0x000001fdd8fba980 JavaThread "pool-2-thread-1" [_thread_blocked, id=23960, stack(0x000000398ae00000,0x000000398af00000)]
  0x000001fdd8fb9b10 JavaThread "pool-1-thread-1" [_thread_in_native, id=29220, stack(0x000000398af00000,0x000000398b000000)]
  0x000001fdd96f1580 JavaThread "Bundle File Closer" daemon [_thread_blocked, id=22608, stack(0x000000398a900000,0x000000398aa00000)]
  0x000001fdd96a3a00 JavaThread "ForkJoinPool.commonPool-worker-399" daemon [_thread_blocked, id=11640, stack(0x000000398aa00000,0x000000398ab00000)]
  0x000001fddb0dd630 JavaThread "ForkJoinPool.commonPool-worker-405" daemon [_thread_blocked, id=36468, stack(0x0000003989900000,0x0000003989a00000)]
  0x000001fdd96f0240 JavaThread "ForkJoinPool.commonPool-worker-410" daemon [_thread_blocked, id=19328, stack(0x000000398a800000,0x000000398a900000)]
  0x000001fdd8fb8ca0 JavaThread "ForkJoinPool.commonPool-worker-412" daemon [_thread_blocked, id=3232, stack(0x000000398b200000,0x000000398b300000)]
  0x000001fdd96a56e0 JavaThread "Worker-127" [_thread_blocked, id=26820, stack(0x0000003988900000,0x0000003988a00000)]
  0x000001fdd96a6a20 JavaThread "Worker-128" [_thread_blocked, id=12424, stack(0x0000003988b00000,0x0000003988c00000)]

Other Threads:
=>0x000001fdd4d49370 VMThread "VM Thread" [stack: 0x0000003988e00000,0x0000003988f00000] [id=23116]
  0x000001fdd6b64520 WatcherThread [stack: 0x0000003989b00000,0x0000003989c00000] [id=23732]
  0x000001fdbef953c0 GCTaskThread "GC Thread#0" [stack: 0x0000003988d00000,0x0000003988e00000] [id=23120]
  0x000001fdd7f72a60 GCTaskThread "GC Thread#1" [stack: 0x0000003989c00000,0x0000003989d00000] [id=27456]
  0x000001fdd7d6f020 GCTaskThread "GC Thread#2" [stack: 0x0000003989d00000,0x0000003989e00000] [id=24288]
  0x000001fdd7f71f00 GCTaskThread "GC Thread#3" [stack: 0x0000003989e00000,0x0000003989f00000] [id=29700]
  0x000001fdd7f721b0 GCTaskThread "GC Thread#4" [stack: 0x0000003989f00000,0x000000398a000000] [id=27992]
  0x000001fdd7d19170 GCTaskThread "GC Thread#5" [stack: 0x000000398a000000,0x000000398a100000] [id=28724]
  0x000001fdd7d19420 GCTaskThread "GC Thread#6" [stack: 0x000000398a100000,0x000000398a200000] [id=25556]
  0x000001fdd7908990 GCTaskThread "GC Thread#7" [stack: 0x000000398a700000,0x000000398a800000] [id=26748]

Threads with active compile tasks:

VM state: at safepoint (normal execution)

VM Mutex/Monitor currently owned by a thread:  ([mutex/lock_event])
[0x000001fdbef7b650] Threads_lock - owner thread: 0x000001fdd4d49370
[0x000001fdbef7b140] Heap_lock - owner thread: 0x000001fdd96f0240

Heap address: 0x00000000c0000000, size: 1024 MB, Compressed Oops mode: 32-bit

CDS archive(s) not mapped
Compressed class space mapped at: 0x0000000100000000-0x0000000140000000, reserved size: 1073741824
Narrow klass base: 0x0000000000000000, Narrow klass shift: 3, Narrow klass range: 0x140000000

GC Precious Log:
 CPUs: 8 total, 8 available
 Memory: 16122M
 Large Page Support: Disabled
 NUMA Support: Disabled
 Compressed Oops: Enabled (32-bit)
 Alignments: Space 512K, Generation 512K, Heap 2M
 Heap Min Capacity: 100M
 Heap Initial Capacity: 100M
 Heap Max Capacity: 1G
 Pre-touch: Disabled
 Parallel Workers: 8

Heap:
 PSYoungGen      total 10240K, used 192K [0x00000000eab00000, 0x00000000eb600000, 0x0000000100000000)
  eden space 9728K, 0% used [0x00000000eab00000,0x00000000eab00000,0x00000000eb480000)
  from space 512K, 37% used [0x00000000eb580000,0x00000000eb5b0000,0x00000000eb600000)
  to   space 512K, 0% used [0x00000000eb500000,0x00000000eb500000,0x00000000eb580000)
 ParOldGen       total 289792K, used 288910K [0x00000000c0000000, 0x00000000d1b00000, 0x00000000eab00000)
  object space 289792K, 99% used [0x00000000c0000000,0x00000000d1a239b8,0x00000000d1b00000)
 Metaspace       used 101218K, committed 102528K, reserved 1146880K
  class space    used 9488K, committed 10048K, reserved 1048576K

Card table byte_map: [0x000001fdd25c0000,0x000001fdd27d0000] _byte_map_base: 0x000001fdd1fc0000

Marking Bits: (ParMarkBitMap*) 0x00007fffc5813e70
 Begin Bits: [0x000001fdd2930000, 0x000001fdd3930000)
 End Bits:   [0x000001fdd3930000, 0x000001fdd4930000)

Polling page: 0x000001fdbf040000

Metaspace:

Usage:
  Non-class:     89.58 MB used.
      Class:      9.27 MB used.
       Both:     98.85 MB used.

Virtual space:
  Non-class space:       96.00 MB reserved,      90.31 MB ( 94%) committed,  12 nodes.
      Class space:        1.00 GB reserved,       9.81 MB ( <1%) committed,  1 nodes.
             Both:        1.09 GB reserved,     100.12 MB (  9%) committed. 

Chunk freelists:
   Non-Class:  1.29 MB
       Class:  2.19 MB
        Both:  3.48 MB

MaxMetaspaceSize: unlimited
CompressedClassSpaceSize: 1.00 GB
Initial GC threshold: 21.00 MB
Current GC threshold: 166.81 MB
CDS: off
MetaspaceReclaimPolicy: balanced
 - commit_granule_bytes: 65536.
 - commit_granule_words: 8192.
 - virtual_space_node_default_size: 1048576.
 - enlarge_chunks_in_place: 1.
 - new_chunks_are_fully_committed: 0.
 - uncommit_free_chunks: 1.
 - use_allocation_guard: 0.
 - handle_deallocations: 1.


Internal statistics:

num_allocs_failed_limit: 6.
num_arena_births: 2954.
num_arena_deaths: 2060.
num_vsnodes_births: 13.
num_vsnodes_deaths: 0.
num_space_committed: 1646.
num_space_uncommitted: 44.
num_chunks_returned_to_freelist: 3396.
num_chunks_taken_from_freelist: 8931.
num_chunk_merges: 934.
num_chunk_splits: 4276.
num_chunks_enlarged: 2138.
num_purges: 104.
num_inconsistent_stats: 0.

CodeHeap 'non-profiled nmethods': size=120000Kb used=43681Kb max_used=43871Kb free=76318Kb
 bounds [0x000001fdcaeb0000, 0x000001fdcd990000, 0x000001fdd23e0000]
CodeHeap 'profiled nmethods': size=120000Kb used=48761Kb max_used=48761Kb free=71238Kb
 bounds [0x000001fdc33e0000, 0x000001fdc63f0000, 0x000001fdca910000]
CodeHeap 'non-nmethods': size=5760Kb used=1454Kb max_used=1542Kb free=4305Kb
 bounds [0x000001fdca910000, 0x000001fdcab80000, 0x000001fdcaeb0000]
 total_blobs=26197 nmethods=25403 adapters=696
 compilation: enabled
              stopped_count=0, restarted_count=0
 full_count=0

Compilation events (20 events):
Event: 174179.143 Thread 0x000001fdd6861840 38705       3       org.apache.maven.settings.crypto.DefaultSettingsDecryptionRequest::getProxies (23 bytes)
Event: 174179.143 Thread 0x000001fdd6861840 nmethod 38705 0x000001fdc4b77a90 code [0x000001fdc4b77c40, 0x000001fdc4b77fb8]
Event: 174179.143 Thread 0x000001fdd6861840 38706       3       org.apache.maven.settings.crypto.DefaultSettingsDecryptionResult::<init> (62 bytes)
Event: 174179.143 Thread 0x000001fdd6861840 nmethod 38706 0x000001fdc4b45610 code [0x000001fdc4b45840, 0x000001fdc4b46118]
Event: 174179.143 Thread 0x000001fdd6861840 38707   !   3       org.eclipse.aether.internal.impl.DefaultRepositorySystem::newLocalRepositoryManager (26 bytes)
Event: 174179.143 Thread 0x000001fdd6861840 nmethod 38707 0x000001fdc513c910 code [0x000001fdc513cae0, 0x000001fdc513ce08]
Event: 174179.143 Thread 0x000001fdd6861840 38709       3       org.eclipse.aether.internal.impl.EnhancedLocalRepositoryManager::<init> (77 bytes)
Event: 174179.143 Thread 0x000001fdd6861840 nmethod 38709 0x000001fdc5ce2910 code [0x000001fdc5ce2b80, 0x000001fdc5ce3758]
Event: 174179.143 Thread 0x000001fdd6861840 38710       3       org.eclipse.aether.internal.impl.SimpleLocalRepositoryManager::<init> (28 bytes)
Event: 174179.144 Thread 0x000001fdd6861840 nmethod 38710 0x000001fdc49a0210 code [0x000001fdc49a0400, 0x000001fdc49a08f8]
Event: 174180.031 Thread 0x000001fdd6860f40 38711       4       org.eclipse.jdt.internal.compiler.ast.OR_OR_Expression::traverse (34 bytes)
Event: 174180.032 Thread 0x000001fdd6860f40 nmethod 38711 0x000001fdcd44ab90 code [0x000001fdcd44ad20, 0x000001fdcd44ae98]
Event: 174180.165 Thread 0x000001fdd6860f40 38712   !   4       org.eclipse.jdt.internal.compiler.lookup.ConstraintExpressionFormula::canBePolyExpression (44 bytes)
Event: 174180.167 Thread 0x000001fdd6860f40 nmethod 38712 0x000001fdcd44a710 code [0x000001fdcd44a8a0, 0x000001fdcd44a9f8]
Event: 174421.115 Thread 0x000001fdd6861840 38713   !   3       jdk.internal.reflect.GeneratedMethodAccessor227::invoke (66 bytes)
Event: 174421.116 Thread 0x000001fdd6861840 nmethod 38713 0x000001fdc5f60510 code [0x000001fdc5f60780, 0x000001fdc5f612b8]
Event: 174421.116 Thread 0x000001fdd6861840 38714   !   3       jdk.internal.reflect.GeneratedMethodAccessor228::invoke (66 bytes)
Event: 174421.117 Thread 0x000001fdd6861840 nmethod 38714 0x000001fdc4a08b90 code [0x000001fdc4a08dc0, 0x000001fdc4a094d8]
Event: 174503.010 Thread 0x000001fdd6860f40 38715   !   4       jdk.internal.reflect.GeneratedConstructorAccessor168::newInstance (49 bytes)
Event: 174503.035 Thread 0x000001fdd6860f40 nmethod 38715 0x000001fdcd26af90 code [0x000001fdcd26b180, 0x000001fdcd26b5d0]

GC Heap History (20 events):
Event: 174514.539 GC heap after
{Heap after GC invocations=58304 (full 1566):
 PSYoungGen      total 10240K, used 192K [0x00000000eab00000, 0x00000000eb600000, 0x0000000100000000)
  eden space 9728K, 0% used [0x00000000eab00000,0x00000000eab00000,0x00000000eb480000)
  from space 512K, 37% used [0x00000000eb500000,0x00000000eb530000,0x00000000eb580000)
  to   space 512K, 0% used [0x00000000eb580000,0x00000000eb580000,0x00000000eb600000)
 ParOldGen       total 289792K, used 276816K [0x00000000c0000000, 0x00000000d1b00000, 0x00000000eab00000)
  object space 289792K, 95% used [0x00000000c0000000,0x00000000d0e54200,0x00000000d1b00000)
 Metaspace       used 101218K, committed 102528K, reserved 1146880K
  class space    used 9488K, committed 10048K, reserved 1048576K
}
Event: 174514.563 GC heap before
{Heap before GC invocations=58305 (full 1566):
 PSYoungGen      total 10240K, used 7942K [0x00000000eab00000, 0x00000000eb600000, 0x0000000100000000)
  eden space 9728K, 79% used [0x00000000eab00000,0x00000000eb291850,0x00000000eb480000)
  from space 512K, 37% used [0x00000000eb500000,0x00000000eb530000,0x00000000eb580000)
  to   space 512K, 0% used [0x00000000eb580000,0x00000000eb580000,0x00000000eb600000)
 ParOldGen       total 289792K, used 276816K [0x00000000c0000000, 0x00000000d1b00000, 0x00000000eab00000)
  object space 289792K, 95% used [0x00000000c0000000,0x00000000d0e54200,0x00000000d1b00000)
 Metaspace       used 101218K, committed 102528K, reserved 1146880K
  class space    used 9488K, committed 10048K, reserved 1048576K
}
Event: 174514.564 GC heap after
{Heap after GC invocations=58305 (full 1566):
 PSYoungGen      total 10240K, used 160K [0x00000000eab00000, 0x00000000eb600000, 0x0000000100000000)
  eden space 9728K, 0% used [0x00000000eab00000,0x00000000eab00000,0x00000000eb480000)
  from space 512K, 31% used [0x00000000eb580000,0x00000000eb5a8000,0x00000000eb600000)
  to   space 512K, 0% used [0x00000000eb500000,0x00000000eb500000,0x00000000eb580000)
 ParOldGen       total 289792K, used 276816K [0x00000000c0000000, 0x00000000d1b00000, 0x00000000eab00000)
  object space 289792K, 95% used [0x00000000c0000000,0x00000000d0e54200,0x00000000d1b00000)
 Metaspace       used 101218K, committed 102528K, reserved 1146880K
  class space    used 9488K, committed 10048K, reserved 1048576K
}
Event: 174514.583 GC heap before
{Heap before GC invocations=58306 (full 1566):
 PSYoungGen      total 10240K, used 7770K [0x00000000eab00000, 0x00000000eb600000, 0x0000000100000000)
  eden space 9728K, 78% used [0x00000000eab00000,0x00000000eb26e888,0x00000000eb480000)
  from space 512K, 31% used [0x00000000eb580000,0x00000000eb5a8000,0x00000000eb600000)
  to   space 512K, 0% used [0x00000000eb500000,0x00000000eb500000,0x00000000eb580000)
 ParOldGen       total 289792K, used 276816K [0x00000000c0000000, 0x00000000d1b00000, 0x00000000eab00000)
  object space 289792K, 95% used [0x00000000c0000000,0x00000000d0e54200,0x00000000d1b00000)
 Metaspace       used 101218K, committed 102528K, reserved 1146880K
  class space    used 9488K, committed 10048K, reserved 1048576K
}
Event: 174514.584 GC heap after
{Heap after GC invocations=58306 (full 1566):
 PSYoungGen      total 10240K, used 192K [0x00000000eab00000, 0x00000000eb600000, 0x0000000100000000)
  eden space 9728K, 0% used [0x00000000eab00000,0x00000000eab00000,0x00000000eb480000)
  from space 512K, 37% used [0x00000000eb500000,0x00000000eb530000,0x00000000eb580000)
  to   space 512K, 0% used [0x00000000eb580000,0x00000000eb580000,0x00000000eb600000)
 ParOldGen       total 289792K, used 276816K [0x00000000c0000000, 0x00000000d1b00000, 0x00000000eab00000)
  object space 289792K, 95% used [0x00000000c0000000,0x00000000d0e54200,0x00000000d1b00000)
 Metaspace       used 101218K, committed 102528K, reserved 1146880K
  class space    used 9488K, committed 10048K, reserved 1048576K
}
Event: 174516.397 GC heap before
{Heap before GC invocations=58307 (full 1566):
 PSYoungGen      total 10240K, used 9911K [0x00000000eab00000, 0x00000000eb600000, 0x0000000100000000)
  eden space 9728K, 99% used [0x00000000eab00000,0x00000000eb47df60,0x00000000eb480000)
  from space 512K, 37% used [0x00000000eb500000,0x00000000eb530000,0x00000000eb580000)
  to   space 512K, 0% used [0x00000000eb580000,0x00000000eb580000,0x00000000eb600000)
 ParOldGen       total 289792K, used 276816K [0x00000000c0000000, 0x00000000d1b00000, 0x00000000eab00000)
  object space 289792K, 95% used [0x00000000c0000000,0x00000000d0e54200,0x00000000d1b00000)
 Metaspace       used 101218K, committed 102528K, reserved 1146880K
  class space    used 9488K, committed 10048K, reserved 1048576K
}
Event: 174516.398 GC heap after
{Heap after GC invocations=58307 (full 1566):
 PSYoungGen      total 10240K, used 360K [0x00000000eab00000, 0x00000000eb600000, 0x0000000100000000)
  eden space 9728K, 0% used [0x00000000eab00000,0x00000000eab00000,0x00000000eb480000)
  from space 512K, 70% used [0x00000000eb580000,0x00000000eb5da308,0x00000000eb600000)
  to   space 512K, 0% used [0x00000000eb500000,0x00000000eb500000,0x00000000eb580000)
 ParOldGen       total 289792K, used 279399K [0x00000000c0000000, 0x00000000d1b00000, 0x00000000eab00000)
  object space 289792K, 96% used [0x00000000c0000000,0x00000000d10d9e98,0x00000000d1b00000)
 Metaspace       used 101218K, committed 102528K, reserved 1146880K
  class space    used 9488K, committed 10048K, reserved 1048576K
}
Event: 174516.410 GC heap before
{Heap before GC invocations=58308 (full 1566):
 PSYoungGen      total 10240K, used 10025K [0x00000000eab00000, 0x00000000eb600000, 0x0000000100000000)
  eden space 9728K, 99% used [0x00000000eab00000,0x00000000eb470498,0x00000000eb480000)
  from space 512K, 70% used [0x00000000eb580000,0x00000000eb5da308,0x00000000eb600000)
  to   space 512K, 0% used [0x00000000eb500000,0x00000000eb500000,0x00000000eb580000)
 ParOldGen       total 289792K, used 279399K [0x00000000c0000000, 0x00000000d1b00000, 0x00000000eab00000)
  object space 289792K, 96% used [0x00000000c0000000,0x00000000d10d9e98,0x00000000d1b00000)
 Metaspace       used 101218K, committed 102528K, reserved 1146880K
  class space    used 9488K, committed 10048K, reserved 1048576K
}
Event: 174516.411 GC heap after
{Heap after GC invocations=58308 (full 1566):
 PSYoungGen      total 10240K, used 256K [0x00000000eab00000, 0x00000000eb600000, 0x0000000100000000)
  eden space 9728K, 0% used [0x00000000eab00000,0x00000000eab00000,0x00000000eb480000)
  from space 512K, 50% used [0x00000000eb500000,0x00000000eb540000,0x00000000eb580000)
  to   space 512K, 0% used [0x00000000eb580000,0x00000000eb580000,0x00000000eb600000)
 ParOldGen       total 289792K, used 279399K [0x00000000c0000000, 0x00000000d1b00000, 0x00000000eab00000)
  object space 289792K, 96% used [0x00000000c0000000,0x00000000d10d9e98,0x00000000d1b00000)
 Metaspace       used 101218K, committed 102528K, reserved 1146880K
  class space    used 9488K, committed 10048K, reserved 1048576K
}
Event: 174516.425 GC heap before
{Heap before GC invocations=58309 (full 1566):
 PSYoungGen      total 10240K, used 9850K [0x00000000eab00000, 0x00000000eb600000, 0x0000000100000000)
  eden space 9728K, 98% used [0x00000000eab00000,0x00000000eb45ea80,0x00000000eb480000)
  from space 512K, 50% used [0x00000000eb500000,0x00000000eb540000,0x00000000eb580000)
  to   space 512K, 0% used [0x00000000eb580000,0x00000000eb580000,0x00000000eb600000)
 ParOldGen       total 289792K, used 279399K [0x00000000c0000000, 0x00000000d1b00000, 0x00000000eab00000)
  object space 289792K, 96% used [0x00000000c0000000,0x00000000d10d9e98,0x00000000d1b00000)
 Metaspace       used 101218K, committed 102528K, reserved 1146880K
  class space    used 9488K, committed 10048K, reserved 1048576K
}
Event: 174516.425 GC heap after
{Heap after GC invocations=58309 (full 1566):
 PSYoungGen      total 10240K, used 484K [0x00000000eab00000, 0x00000000eb680000, 0x0000000100000000)
  eden space 9728K, 0% used [0x00000000eab00000,0x00000000eab00000,0x00000000eb480000)
  from space 512K, 94% used [0x00000000eb580000,0x00000000eb5f92b8,0x00000000eb600000)
  to   space 1024K, 0% used [0x00000000eb480000,0x00000000eb480000,0x00000000eb580000)
 ParOldGen       total 289792K, used 279407K [0x00000000c0000000, 0x00000000d1b00000, 0x00000000eab00000)
  object space 289792K, 96% used [0x00000000c0000000,0x00000000d10dbe98,0x00000000d1b00000)
 Metaspace       used 101218K, committed 102528K, reserved 1146880K
  class space    used 9488K, committed 10048K, reserved 1048576K
}
Event: 174516.442 GC heap before
{Heap before GC invocations=58310 (full 1566):
 PSYoungGen      total 10240K, used 10124K [0x00000000eab00000, 0x00000000eb680000, 0x0000000100000000)
  eden space 9728K, 99% used [0x00000000eab00000,0x00000000eb46a008,0x00000000eb480000)
  from space 512K, 94% used [0x00000000eb580000,0x00000000eb5f92b8,0x00000000eb600000)
  to   space 1024K, 0% used [0x00000000eb480000,0x00000000eb480000,0x00000000eb580000)
 ParOldGen       total 289792K, used 279407K [0x00000000c0000000, 0x00000000d1b00000, 0x00000000eab00000)
  object space 289792K, 96% used [0x00000000c0000000,0x00000000d10dbe98,0x00000000d1b00000)
 Metaspace       used 101218K, committed 102528K, reserved 1146880K
  class space    used 9488K, committed 10048K, reserved 1048576K
}
Event: 174516.443 GC heap after
{Heap after GC invocations=58310 (full 1566):
 PSYoungGen      total 10752K, used 160K [0x00000000eab00000, 0x00000000eb600000, 0x0000000100000000)
  eden space 9728K, 0% used [0x00000000eab00000,0x00000000eab00000,0x00000000eb480000)
  from space 1024K, 15% used [0x00000000eb480000,0x00000000eb4a8000,0x00000000eb580000)
  to   space 512K, 0% used [0x00000000eb580000,0x00000000eb580000,0x00000000eb600000)
 ParOldGen       total 289792K, used 284163K [0x00000000c0000000, 0x00000000d1b00000, 0x00000000eab00000)
  object space 289792K, 98% used [0x00000000c0000000,0x00000000d1580c28,0x00000000d1b00000)
 Metaspace       used 101218K, committed 102528K, reserved 1146880K
  class space    used 9488K, committed 10048K, reserved 1048576K
}
Event: 174516.463 GC heap before
{Heap before GC invocations=58311 (full 1566):
 PSYoungGen      total 10752K, used 7941K [0x00000000eab00000, 0x00000000eb600000, 0x0000000100000000)
  eden space 9728K, 79% used [0x00000000eab00000,0x00000000eb2997f0,0x00000000eb480000)
  from space 1024K, 15% used [0x00000000eb480000,0x00000000eb4a8000,0x00000000eb580000)
  to   space 512K, 0% used [0x00000000eb580000,0x00000000eb580000,0x00000000eb600000)
 ParOldGen       total 289792K, used 284163K [0x00000000c0000000, 0x00000000d1b00000, 0x00000000eab00000)
  object space 289792K, 98% used [0x00000000c0000000,0x00000000d1580c28,0x00000000d1b00000)
 Metaspace       used 101218K, committed 102528K, reserved 1146880K
  class space    used 9488K, committed 10048K, reserved 1048576K
}
Event: 174516.464 GC heap after
{Heap after GC invocations=58311 (full 1566):
 PSYoungGen      total 10240K, used 256K [0x00000000eab00000, 0x00000000eb600000, 0x0000000100000000)
  eden space 9728K, 0% used [0x00000000eab00000,0x00000000eab00000,0x00000000eb480000)
  from space 512K, 50% used [0x00000000eb580000,0x00000000eb5c0000,0x00000000eb600000)
  to   space 512K, 0% used [0x00000000eb500000,0x00000000eb500000,0x00000000eb580000)
 ParOldGen       total 289792K, used 284163K [0x00000000c0000000, 0x00000000d1b00000, 0x00000000eab00000)
  object space 289792K, 98% used [0x00000000c0000000,0x00000000d1580c28,0x00000000d1b00000)
 Metaspace       used 101218K, committed 102528K, reserved 1146880K
  class space    used 9488K, committed 10048K, reserved 1048576K
}
Event: 174516.490 GC heap before
{Heap before GC invocations=58312 (full 1566):
 PSYoungGen      total 10240K, used 7855K [0x00000000eab00000, 0x00000000eb600000, 0x0000000100000000)
  eden space 9728K, 78% used [0x00000000eab00000,0x00000000eb26bc78,0x00000000eb480000)
  from space 512K, 50% used [0x00000000eb580000,0x00000000eb5c0000,0x00000000eb600000)
  to   space 512K, 0% used [0x00000000eb500000,0x00000000eb500000,0x00000000eb580000)
 ParOldGen       total 289792K, used 284163K [0x00000000c0000000, 0x00000000d1b00000, 0x00000000eab00000)
  object space 289792K, 98% used [0x00000000c0000000,0x00000000d1580c28,0x00000000d1b00000)
 Metaspace       used 101218K, committed 102528K, reserved 1146880K
  class space    used 9488K, committed 10048K, reserved 1048576K
}
Event: 174516.491 GC heap after
{Heap after GC invocations=58312 (full 1566):
 PSYoungGen      total 10240K, used 160K [0x00000000eab00000, 0x00000000eb600000, 0x0000000100000000)
  eden space 9728K, 0% used [0x00000000eab00000,0x00000000eab00000,0x00000000eb480000)
  from space 512K, 31% used [0x00000000eb500000,0x00000000eb528000,0x00000000eb580000)
  to   space 512K, 0% used [0x00000000eb580000,0x00000000eb580000,0x00000000eb600000)
 ParOldGen       total 289792K, used 284163K [0x00000000c0000000, 0x00000000d1b00000, 0x00000000eab00000)
  object space 289792K, 98% used [0x00000000c0000000,0x00000000d1580c28,0x00000000d1b00000)
 Metaspace       used 101218K, committed 102528K, reserved 1146880K
  class space    used 9488K, committed 10048K, reserved 1048576K
}
Event: 174814.752 GC heap before
{Heap before GC invocations=58313 (full 1566):
 PSYoungGen      total 10240K, used 9721K [0x00000000eab00000, 0x00000000eb600000, 0x0000000100000000)
  eden space 9728K, 98% used [0x00000000eab00000,0x00000000eb456428,0x00000000eb480000)
  from space 512K, 31% used [0x00000000eb500000,0x00000000eb528000,0x00000000eb580000)
  to   space 512K, 0% used [0x00000000eb580000,0x00000000eb580000,0x00000000eb600000)
 ParOldGen       total 289792K, used 284163K [0x00000000c0000000, 0x00000000d1b00000, 0x00000000eab00000)
  object space 289792K, 98% used [0x00000000c0000000,0x00000000d1580c28,0x00000000d1b00000)
 Metaspace       used 101218K, committed 102528K, reserved 1146880K
  class space    used 9488K, committed 10048K, reserved 1048576K
}
Event: 174814.753 GC heap after
{Heap after GC invocations=58313 (full 1566):
 PSYoungGen      total 10240K, used 192K [0x00000000eab00000, 0x00000000eb600000, 0x0000000100000000)
  eden space 9728K, 0% used [0x00000000eab00000,0x00000000eab00000,0x00000000eb480000)
  from space 512K, 37% used [0x00000000eb580000,0x00000000eb5b0000,0x00000000eb600000)
  to   space 512K, 0% used [0x00000000eb500000,0x00000000eb500000,0x00000000eb580000)
 ParOldGen       total 289792K, used 288910K [0x00000000c0000000, 0x00000000d1b00000, 0x00000000eab00000)
  object space 289792K, 99% used [0x00000000c0000000,0x00000000d1a239b8,0x00000000d1b00000)
 Metaspace       used 101218K, committed 102528K, reserved 1146880K
  class space    used 9488K, committed 10048K, reserved 1048576K
}
Event: 174814.754 GC heap before
{Heap before GC invocations=58314 (full 1567):
 PSYoungGen      total 10240K, used 192K [0x00000000eab00000, 0x00000000eb600000, 0x0000000100000000)
  eden space 9728K, 0% used [0x00000000eab00000,0x00000000eab00000,0x00000000eb480000)
  from space 512K, 37% used [0x00000000eb580000,0x00000000eb5b0000,0x00000000eb600000)
  to   space 512K, 0% used [0x00000000eb500000,0x00000000eb500000,0x00000000eb580000)
 ParOldGen       total 289792K, used 288910K [0x00000000c0000000, 0x00000000d1b00000, 0x00000000eab00000)
  object space 289792K, 99% used [0x00000000c0000000,0x00000000d1a239b8,0x00000000d1b00000)
 Metaspace       used 101218K, committed 102528K, reserved 1146880K
  class space    used 9488K, committed 10048K, reserved 1048576K
}

Dll operation events (13 events):
Event: 0.022 Loaded shared library c:\Users\DELL\.vscode\extensions\redhat.java-1.16.0-win32-x64\jre\17.0.6-win32-x86_64\bin\java.dll
Event: 0.157 Loaded shared library c:\Users\DELL\.vscode\extensions\redhat.java-1.16.0-win32-x64\jre\17.0.6-win32-x86_64\bin\zip.dll
Event: 0.162 Loaded shared library C:\Users\DELL\.vscode\extensions\redhat.java-1.16.0-win32-x64\jre\17.0.6-win32-x86_64\bin\instrument.dll
Event: 0.177 Loaded shared library C:\Users\DELL\.vscode\extensions\redhat.java-1.16.0-win32-x64\jre\17.0.6-win32-x86_64\bin\net.dll
Event: 0.179 Loaded shared library C:\Users\DELL\.vscode\extensions\redhat.java-1.16.0-win32-x64\jre\17.0.6-win32-x86_64\bin\nio.dll
Event: 0.189 Loaded shared library C:\Users\DELL\.vscode\extensions\redhat.java-1.16.0-win32-x64\jre\17.0.6-win32-x86_64\bin\zip.dll
Event: 0.207 Loaded shared library C:\Users\DELL\.vscode\extensions\redhat.java-1.16.0-win32-x64\jre\17.0.6-win32-x86_64\bin\jimage.dll
Event: 0.263 Loaded shared library c:\Users\DELL\.vscode\extensions\redhat.java-1.16.0-win32-x64\jre\17.0.6-win32-x86_64\bin\verify.dll
Event: 1.377 Loaded shared library C:\Users\DELL\AppData\Roaming\Code\User\globalStorage\redhat.java\1.16.0\config_win\org.eclipse.equinox.launcher\org.eclipse.equinox.launcher.win32.win32.x86_64_1.2.700.v20221108-1024\eclipse_11801.dll
Event: 1.857 Loaded shared library C:\Users\DELL\.vscode\extensions\redhat.java-1.16.0-win32-x64\jre\17.0.6-win32-x86_64\bin\management.dll
Event: 1.860 Loaded shared library C:\Users\DELL\.vscode\extensions\redhat.java-1.16.0-win32-x64\jre\17.0.6-win32-x86_64\bin\management_ext.dll
Event: 2.804 Loaded shared library C:\Users\DELL\AppData\Local\Temp\jna-2094529\jna8179488633281964398.dll
Event: 4.453 Loaded shared library C:\Users\DELL\.vscode\extensions\redhat.java-1.16.0-win32-x64\jre\17.0.6-win32-x86_64\bin\sunmscapi.dll

Deoptimization events (20 events):
Event: 174009.761 Thread 0x000001fdd96a6550 Uncommon trap: trap_request=0xffffff45 fr.pc=0x000001fdcc76d9b0 relative=0x0000000000002c30
Event: 174009.761 Thread 0x000001fdd96a6550 Uncommon trap: reason=unstable_if action=reinterpret pc=0x000001fdcc76d9b0 method=org.eclipse.jdt.internal.compiler.ast.MessageSend.resolveType(Lorg/eclipse/jdt/internal/compiler/lookup/BlockScope;)Lorg/eclipse/jdt/internal/compiler/lookup/TypeBinding; @ 
Event: 174009.761 Thread 0x000001fdd96a6550 DEOPT PACKING pc=0x000001fdcc76d9b0 sp=0x0000003988afe830
Event: 174009.761 Thread 0x000001fdd96a6550 DEOPT UNPACKING pc=0x000001fdca969ea3 sp=0x0000003988afe7d8 mode 2
Event: 174010.627 Thread 0x000001fdd96a6550 Uncommon trap: trap_request=0xffffff45 fr.pc=0x000001fdcd8b19a4 relative=0x0000000000001944
Event: 174010.627 Thread 0x000001fdd96a6550 Uncommon trap: reason=unstable_if action=reinterpret pc=0x000001fdcd8b19a4 method=org.eclipse.jdt.internal.compiler.ast.Expression.checkCastTypesCompatibility(Lorg/eclipse/jdt/internal/compiler/lookup/Scope;Lorg/eclipse/jdt/internal/compiler/lookup/TypeBi
Event: 174010.627 Thread 0x000001fdd96a6550 DEOPT PACKING pc=0x000001fdcd8b19a4 sp=0x0000003988afe8c0
Event: 174010.627 Thread 0x000001fdd96a6550 DEOPT UNPACKING pc=0x000001fdca969ea3 sp=0x0000003988afe850 mode 2
Event: 174028.688 Thread 0x000001fdd96a8700 Uncommon trap: trap_request=0xffffff76 fr.pc=0x000001fdcca50bfc relative=0x00000000000002dc
Event: 174028.688 Thread 0x000001fdd96a8700 Uncommon trap: reason=predicate action=maybe_recompile pc=0x000001fdcca50bfc method=org.eclipse.jdt.core.compiler.CharOperation.match([CII[CIIZ)Z @ 41 c2
Event: 174028.688 Thread 0x000001fdd96a8700 DEOPT PACKING pc=0x000001fdcca50bfc sp=0x000000398acfdee0
Event: 174028.688 Thread 0x000001fdd96a8700 DEOPT UNPACKING pc=0x000001fdca969ea3 sp=0x000000398acfde38 mode 2
Event: 174058.820 Thread 0x000001fdd96a6a20 DEOPT PACKING pc=0x000001fdc60eb567 sp=0x0000003988bfe8a0
Event: 174058.820 Thread 0x000001fdd96a6a20 DEOPT UNPACKING pc=0x000001fdca96a9e3 sp=0x0000003988bfddb0 mode 0
Event: 174063.554 Thread 0x000001fdd96a8700 DEOPT PACKING pc=0x000001fdc60eb567 sp=0x000000398acfe020
Event: 174063.554 Thread 0x000001fdd96a8700 DEOPT UNPACKING pc=0x000001fdca96a9e3 sp=0x000000398acfd530 mode 0
Event: 174121.232 Thread 0x000001fdd96a56e0 DEOPT PACKING pc=0x000001fdc426ef74 sp=0x00000039889fe390
Event: 174121.232 Thread 0x000001fdd96a56e0 DEOPT UNPACKING pc=0x000001fdca96a9e3 sp=0x00000039889fd870 mode 0
Event: 174179.130 Thread 0x000001fdd96a6a20 DEOPT PACKING pc=0x000001fdc462928c sp=0x0000003988bfdb00
Event: 174179.131 Thread 0x000001fdd96a6a20 DEOPT UNPACKING pc=0x000001fdca96a9e3 sp=0x0000003988bfcfe8 mode 0

Classes unloaded (20 events):
Event: 172865.035 Thread 0x000001fdd4d49370 Unloading class 0x000000010074a000 'jdk/internal/reflect/GeneratedSerializationConstructorAccessor605'
Event: 172865.035 Thread 0x000001fdd4d49370 Unloading class 0x0000000100698800 'jdk/internal/reflect/GeneratedSerializationConstructorAccessor604'
Event: 172865.035 Thread 0x000001fdd4d49370 Unloading class 0x0000000100691400 'jdk/internal/reflect/GeneratedSerializationConstructorAccessor603'
Event: 172865.035 Thread 0x000001fdd4d49370 Unloading class 0x0000000100667000 'jdk/internal/reflect/GeneratedSerializationConstructorAccessor602'
Event: 172865.035 Thread 0x000001fdd4d49370 Unloading class 0x000000010061cc00 'jdk/internal/reflect/GeneratedSerializationConstructorAccessor601'
Event: 172865.035 Thread 0x000001fdd4d49370 Unloading class 0x0000000100611000 'jdk/internal/reflect/GeneratedSerializationConstructorAccessor600'
Event: 172865.035 Thread 0x000001fdd4d49370 Unloading class 0x0000000100601000 'jdk/internal/reflect/GeneratedMethodAccessor224'
Event: 172865.035 Thread 0x000001fdd4d49370 Unloading class 0x00000001005b8c00 'jdk/internal/reflect/GeneratedMethodAccessor223'
Event: 172865.035 Thread 0x000001fdd4d49370 Unloading class 0x000000010059d000 'jdk/internal/reflect/GeneratedSerializationConstructorAccessor599'
Event: 172865.035 Thread 0x000001fdd4d49370 Unloading class 0x00000001004e8000 'jdk/internal/reflect/GeneratedSerializationConstructorAccessor598'
Event: 172865.035 Thread 0x000001fdd4d49370 Unloading class 0x0000000100643400 'jdk/internal/reflect/GeneratedSerializationConstructorAccessor597'
Event: 172865.035 Thread 0x000001fdd4d49370 Unloading class 0x00000001007ac800 'jdk/internal/reflect/GeneratedSerializationConstructorAccessor596'
Event: 172865.035 Thread 0x000001fdd4d49370 Unloading class 0x0000000100974400 'jdk/internal/reflect/GeneratedSerializationConstructorAccessor595'
Event: 172865.035 Thread 0x000001fdd4d49370 Unloading class 0x0000000100995800 'jdk/internal/reflect/GeneratedSerializationConstructorAccessor594'
Event: 172865.035 Thread 0x000001fdd4d49370 Unloading class 0x0000000100994400 'jdk/internal/reflect/GeneratedSerializationConstructorAccessor593'
Event: 172865.035 Thread 0x000001fdd4d49370 Unloading class 0x000000010097c000 'jdk/internal/reflect/GeneratedSerializationConstructorAccessor592'
Event: 172865.035 Thread 0x000001fdd4d49370 Unloading class 0x00000001006a5800 'jdk/internal/reflect/GeneratedSerializationConstructorAccessor591'
Event: 172865.035 Thread 0x000001fdd4d49370 Unloading class 0x0000000100910000 'jdk/internal/reflect/GeneratedSerializationConstructorAccessor590'
Event: 172865.035 Thread 0x000001fdd4d49370 Unloading class 0x00000001007a9000 'jdk/internal/reflect/GeneratedSerializationConstructorAccessor589'
Event: 172865.035 Thread 0x000001fdd4d49370 Unloading class 0x0000000100995400 'jdk/internal/reflect/GeneratedSerializationConstructorAccessor588'

Classes redefined (0 events):
No events

Internal exceptions (20 events):
Event: 174179.138 Thread 0x000001fdd96a6a20 Implicit null exception at 0x000001fdc3d7763f to 0x000001fdc3d7c4ca
Event: 174179.138 Thread 0x000001fdd96a6a20 Exception <a 'java/lang/NullPointerException'{0x00000000eab0a5b0}> (0x00000000eab0a5b0) 
thrown [s\src\hotspot\share\runtime\sharedRuntime.cpp, line 628]
Event: 174179.138 Thread 0x000001fdd96a6a20 Implicit null exception at 0x000001fdc3d7763f to 0x000001fdc3d7c4ca
Event: 174179.138 Thread 0x000001fdd96a6a20 Exception <a 'java/lang/NullPointerException'{0x00000000eab0b1a8}> (0x00000000eab0b1a8) 
thrown [s\src\hotspot\share\runtime\sharedRuntime.cpp, line 628]
Event: 174179.138 Thread 0x000001fdd96a6a20 Implicit null exception at 0x000001fdc3d7763f to 0x000001fdc3d7c4ca
Event: 174179.138 Thread 0x000001fdd96a6a20 Exception <a 'java/lang/NullPointerException'{0x00000000eab0b728}> (0x00000000eab0b728) 
thrown [s\src\hotspot\share\runtime\sharedRuntime.cpp, line 628]
Event: 174179.138 Thread 0x000001fdd96a6a20 Implicit null exception at 0x000001fdc3d7763f to 0x000001fdc3d7c4ca
Event: 174179.138 Thread 0x000001fdd96a6a20 Exception <a 'java/lang/NullPointerException'{0x00000000eab0bca8}> (0x00000000eab0bca8) 
thrown [s\src\hotspot\share\runtime\sharedRuntime.cpp, line 628]
Event: 174179.141 Thread 0x000001fdd96a6a20 Implicit null exception at 0x000001fdc3d7763f to 0x000001fdc3d7c4ca
Event: 174179.141 Thread 0x000001fdd96a6a20 Exception <a 'java/lang/NullPointerException'{0x00000000eab8eb78}> (0x00000000eab8eb78) 
thrown [s\src\hotspot\share\runtime\sharedRuntime.cpp, line 628]
Event: 174179.142 Thread 0x000001fdd96a6a20 Implicit null exception at 0x000001fdc3d7763f to 0x000001fdc3d7c4ca
Event: 174179.142 Thread 0x000001fdd96a6a20 Exception <a 'java/lang/NullPointerException'{0x00000000eab8f360}> (0x00000000eab8f360) 
thrown [s\src\hotspot\share\runtime\sharedRuntime.cpp, line 628]
Event: 174179.142 Thread 0x000001fdd96a6a20 Implicit null exception at 0x000001fdc3d7763f to 0x000001fdc3d7c4ca
Event: 174179.142 Thread 0x000001fdd96a6a20 Exception <a 'java/lang/NullPointerException'{0x00000000eab8f8e0}> (0x00000000eab8f8e0) 
thrown [s\src\hotspot\share\runtime\sharedRuntime.cpp, line 628]
Event: 174179.142 Thread 0x000001fdd96a6a20 Implicit null exception at 0x000001fdc3d7763f to 0x000001fdc3d7c4ca
Event: 174179.142 Thread 0x000001fdd96a6a20 Exception <a 'java/lang/NullPointerException'{0x00000000eab90240}> (0x00000000eab90240) 
thrown [s\src\hotspot\share\runtime\sharedRuntime.cpp, line 628]
Event: 174179.142 Thread 0x000001fdd96a6a20 Implicit null exception at 0x000001fdc3d7763f to 0x000001fdc3d7c4ca
Event: 174179.142 Thread 0x000001fdd96a6a20 Exception <a 'java/lang/NullPointerException'{0x00000000eab907c0}> (0x00000000eab907c0) 
thrown [s\src\hotspot\share\runtime\sharedRuntime.cpp, line 628]
Event: 174179.142 Thread 0x000001fdd96a6a20 Implicit null exception at 0x000001fdc3d7763f to 0x000001fdc3d7c4ca
Event: 174179.142 Thread 0x000001fdd96a6a20 Exception <a 'java/lang/NullPointerException'{0x00000000eab90d40}> (0x00000000eab90d40) 
thrown [s\src\hotspot\share\runtime\sharedRuntime.cpp, line 628]

VM Operations (20 events):
Event: 174514.520 Executing VM operation: ParallelGCFailedAllocation done
Event: 174514.537 Executing VM operation: ParallelGCFailedAllocation
Event: 174514.539 Executing VM operation: ParallelGCFailedAllocation done
Event: 174514.563 Executing VM operation: ParallelGCFailedAllocation
Event: 174514.564 Executing VM operation: ParallelGCFailedAllocation done
Event: 174514.583 Executing VM operation: ParallelGCFailedAllocation
Event: 174514.584 Executing VM operation: ParallelGCFailedAllocation done
Event: 174516.397 Executing VM operation: ParallelGCFailedAllocation
Event: 174516.398 Executing VM operation: ParallelGCFailedAllocation done
Event: 174516.410 Executing VM operation: ParallelGCFailedAllocation
Event: 174516.411 Executing VM operation: ParallelGCFailedAllocation done
Event: 174516.425 Executing VM operation: ParallelGCFailedAllocation
Event: 174516.425 Executing VM operation: ParallelGCFailedAllocation done
Event: 174516.442 Executing VM operation: ParallelGCFailedAllocation
Event: 174516.443 Executing VM operation: ParallelGCFailedAllocation done
Event: 174516.463 Executing VM operation: ParallelGCFailedAllocation
Event: 174516.464 Executing VM operation: ParallelGCFailedAllocation done
Event: 174516.490 Executing VM operation: ParallelGCFailedAllocation
Event: 174516.491 Executing VM operation: ParallelGCFailedAllocation done
Event: 174814.752 Executing VM operation: ParallelGCFailedAllocation

Events (20 events):
Event: 174121.424 Thread 0x000001fddb0dbe20 Thread exited: 0x000001fddb0dbe20
Event: 174179.115 loading class jdk/internal/module/IllegalAccessLogger
Event: 174179.115 loading class jdk/internal/module/IllegalAccessLogger done
Event: 174179.115 Thread 0x000001fddb0dbe20 Thread added: 0x000001fddb0dbe20
Event: 174179.130 Thread 0x000001fddb0dbe20 Thread exited: 0x000001fddb0dbe20
Event: 174244.264 Thread 0x000001fdd96ec880 Thread exited: 0x000001fdd96ec880
Event: 174272.168 Thread 0x000001fdd96ee560 Thread exited: 0x000001fdd96ee560
Event: 174332.181 Thread 0x000001fdd96a8700 Thread exited: 0x000001fdd96a8700
Event: 174392.182 Thread 0x000001fdd96ecd50 Thread exited: 0x000001fdd96ecd50
Event: 174421.108 Thread 0x000001fddb0dbe20 Thread added: 0x000001fddb0dbe20
Event: 174421.109 Thread 0x000001fddb0d62b0 Thread added: 0x000001fddb0d62b0
Event: 174421.109 Thread 0x000001fdd96ec880 Thread added: 0x000001fdd96ec880
Event: 174421.112 Thread 0x000001fdd96ec880 Thread exited: 0x000001fdd96ec880
Event: 174421.112 Thread 0x000001fddb0d62b0 Thread exited: 0x000001fddb0d62b0
Event: 174421.112 Thread 0x000001fddb0dbe20 Thread exited: 0x000001fddb0dbe20
Event: 174452.194 Thread 0x000001fddb0da140 Thread exited: 0x000001fddb0da140
Event: 174576.497 Thread 0x000001fdd96ef8a0 Thread exited: 0x000001fdd96ef8a0
Event: 174636.504 Thread 0x000001fdd96a6550 Thread exited: 0x000001fdd96a6550
Event: 174696.507 Thread 0x000001fdd8fb9170 Thread exited: 0x000001fdd8fb9170
Event: 174756.512 Thread 0x000001fdd8fb7960 Thread exited: 0x000001fdd8fb7960


Dynamic libraries:
0x00007ff721020000 - 0x00007ff72102e000 	c:\Users\DELL\.vscode\extensions\redhat.java-1.16.0-win32-x64\jre\17.0.6-win32-x86_64\bin\java.exe
0x00007ff8774d0000 - 0x00007ff8776e4000 	C:\WINDOWS\SYSTEM32\ntdll.dll
0x00007ff876260000 - 0x00007ff876322000 	C:\WINDOWS\System32\KERNEL32.DLL
0x00007ff874da0000 - 0x00007ff87513c000 	C:\WINDOWS\System32\KERNELBASE.dll
0x00007ff874910000 - 0x00007ff874a21000 	C:\WINDOWS\System32\ucrtbase.dll
0x00007ff8532c0000 - 0x00007ff8532d7000 	c:\Users\DELL\.vscode\extensions\redhat.java-1.16.0-win32-x64\jre\17.0.6-win32-x86_64\bin\jli.dll
0x00007ff8585b0000 - 0x00007ff8585c9000 	c:\Users\DELL\.vscode\extensions\redhat.java-1.16.0-win32-x64\jre\17.0.6-win32-x86_64\bin\VCRUNTIME140.dll
0x00007ff876f90000 - 0x00007ff87713b000 	C:\WINDOWS\System32\USER32.dll
0x00007ff8752b0000 - 0x00007ff8752d6000 	C:\WINDOWS\System32\win32u.dll
0x00007ff876330000 - 0x00007ff876359000 	C:\WINDOWS\System32\GDI32.dll
0x00007ff874a30000 - 0x00007ff874b43000 	C:\WINDOWS\System32\gdi32full.dll
0x00007ff873c80000 - 0x00007ff873f0e000 	C:\WINDOWS\WinSxS\amd64_microsoft.windows.common-controls_6595b64144ccf1df_6.0.22621.608_none_a9444ca7c10bb01d\COMCTL32.dll
0x00007ff874c80000 - 0x00007ff874d1a000 	C:\WINDOWS\System32\msvcp_win.dll
0x00007ff8771c0000 - 0x00007ff877267000 	C:\WINDOWS\System32\msvcrt.dll
0x00007ff877450000 - 0x00007ff877481000 	C:\WINDOWS\System32\IMM32.DLL
0x00007ff874190000 - 0x00007ff87419c000 	c:\Users\DELL\.vscode\extensions\redhat.java-1.16.0-win32-x64\jre\17.0.6-win32-x86_64\bin\vcruntime140_1.dll
0x00007fffd0120000 - 0x00007fffd01b1000 	c:\Users\DELL\.vscode\extensions\redhat.java-1.16.0-win32-x64\jre\17.0.6-win32-x86_64\bin\msvcp140.dll
0x00007fffc4c90000 - 0x00007fffc58d7000 	c:\Users\DELL\.vscode\extensions\redhat.java-1.16.0-win32-x64\jre\17.0.6-win32-x86_64\bin\server\jvm.dll
0x00007ff875fe0000 - 0x00007ff87608e000 	C:\WINDOWS\System32\ADVAPI32.dll
0x00007ff876cb0000 - 0x00007ff876d54000 	C:\WINDOWS\System32\sechost.dll
0x00007ff876140000 - 0x00007ff876255000 	C:\WINDOWS\System32\RPCRT4.dll
0x00007ff8524d0000 - 0x00007ff8524d9000 	C:\WINDOWS\SYSTEM32\WSOCK32.dll
0x00007ff876430000 - 0x00007ff8764a1000 	C:\WINDOWS\System32\WS2_32.dll
0x00007ff8733a0000 - 0x00007ff8733d4000 	C:\WINDOWS\SYSTEM32\WINMM.dll
0x00007ff8738c0000 - 0x00007ff8738ca000 	C:\WINDOWS\SYSTEM32\VERSION.dll
0x00007ff872ab0000 - 0x00007ff872ac8000 	C:\WINDOWS\SYSTEM32\kernel.appcore.dll
0x00007ff85a280000 - 0x00007ff85a28a000 	c:\Users\DELL\.vscode\extensions\redhat.java-1.16.0-win32-x64\jre\17.0.6-win32-x86_64\bin\jimage.dll
0x00007ff874290000 - 0x00007ff8744be000 	C:\WINDOWS\SYSTEM32\DBGHELP.DLL
0x00007ff875770000 - 0x00007ff875af9000 	C:\WINDOWS\System32\combase.dll
0x00007ff877270000 - 0x00007ff877347000 	C:\WINDOWS\System32\OLEAUT32.dll
0x00007ff874100000 - 0x00007ff874132000 	C:\WINDOWS\SYSTEM32\dbgcore.DLL
0x00007ff874d20000 - 0x00007ff874d9b000 	C:\WINDOWS\System32\bcryptPrimitives.dll
0x00007ff8585a0000 - 0x00007ff8585ae000 	c:\Users\DELL\.vscode\extensions\redhat.java-1.16.0-win32-x64\jre\17.0.6-win32-x86_64\bin\instrument.dll
0x00007ff84ca20000 - 0x00007ff84ca45000 	c:\Users\DELL\.vscode\extensions\redhat.java-1.16.0-win32-x64\jre\17.0.6-win32-x86_64\bin\java.dll
0x00007ff8337d0000 - 0x00007ff8337e8000 	c:\Users\DELL\.vscode\extensions\redhat.java-1.16.0-win32-x64\jre\17.0.6-win32-x86_64\bin\zip.dll
0x00007ff8764c0000 - 0x00007ff876cb0000 	C:\WINDOWS\System32\SHELL32.dll
0x00007ff8719e0000 - 0x00007ff8722ad000 	C:\WINDOWS\SYSTEM32\windows.storage.dll
0x00007ff8718a0000 - 0x00007ff8719de000 	C:\WINDOWS\SYSTEM32\wintypes.dll
0x00007ff8752e0000 - 0x00007ff8753d1000 	C:\WINDOWS\System32\SHCORE.dll
0x00007ff875f80000 - 0x00007ff875fde000 	C:\WINDOWS\System32\shlwapi.dll
0x00007ff874840000 - 0x00007ff874861000 	C:\WINDOWS\SYSTEM32\profapi.dll
0x00007ff821bb0000 - 0x00007ff821bc9000 	C:\Users\DELL\.vscode\extensions\redhat.java-1.16.0-win32-x64\jre\17.0.6-win32-x86_64\bin\net.dll
0x00007ff86ae10000 - 0x00007ff86af47000 	C:\WINDOWS\SYSTEM32\WINHTTP.dll
0x00007ff872ee0000 - 0x00007ff872f49000 	C:\WINDOWS\system32\mswsock.dll
0x00007ff821b40000 - 0x00007ff821b55000 	C:\Users\DELL\.vscode\extensions\redhat.java-1.16.0-win32-x64\jre\17.0.6-win32-x86_64\bin\nio.dll
0x00007ff858450000 - 0x00007ff858460000 	c:\Users\DELL\.vscode\extensions\redhat.java-1.16.0-win32-x64\jre\17.0.6-win32-x86_64\bin\verify.dll
0x00007fffd0d50000 - 0x00007fffd0d8e000 	C:\Users\DELL\AppData\Roaming\Code\User\globalStorage\redhat.java\1.16.0\config_win\org.eclipse.equinox.launcher\org.eclipse.equinox.launcher.win32.win32.x86_64_1.2.700.v20221108-1024\eclipse_11801.dll
0x00007ff876d60000 - 0x00007ff876efc000 	C:\WINDOWS\System32\ole32.dll
0x00007ff853130000 - 0x00007ff853139000 	C:\Users\DELL\.vscode\extensions\redhat.java-1.16.0-win32-x64\jre\17.0.6-win32-x86_64\bin\management.dll
0x00007ff8528f0000 - 0x00007ff8528fb000 	C:\Users\DELL\.vscode\extensions\redhat.java-1.16.0-win32-x64\jre\17.0.6-win32-x86_64\bin\management_ext.dll
0x00007ff8763c0000 - 0x00007ff8763c8000 	C:\WINDOWS\System32\PSAPI.DLL
0x00007ff8745b0000 - 0x00007ff8745cb000 	C:\WINDOWS\SYSTEM32\CRYPTSP.dll
0x00007ff872a20000 - 0x00007ff872a55000 	C:\WINDOWS\system32\rsaenh.dll
0x00007ff873a10000 - 0x00007ff873a38000 	C:\WINDOWS\SYSTEM32\USERENV.dll
0x00007ff874140000 - 0x00007ff874168000 	C:\WINDOWS\SYSTEM32\bcrypt.dll
0x00007ff873860000 - 0x00007ff87386c000 	C:\WINDOWS\SYSTEM32\CRYPTBASE.dll
0x00007ff8725b0000 - 0x00007ff8725dd000 	C:\WINDOWS\SYSTEM32\IPHLPAPI.DLL
0x00007ff876f50000 - 0x00007ff876f59000 	C:\WINDOWS\System32\NSI.dll
0x00007ff868d50000 - 0x00007ff868d69000 	C:\WINDOWS\SYSTEM32\dhcpcsvc6.DLL
0x00007ff868d30000 - 0x00007ff868d4f000 	C:\WINDOWS\SYSTEM32\dhcpcsvc.DLL
0x00007ff8725e0000 - 0x00007ff8726d3000 	C:\WINDOWS\SYSTEM32\DNSAPI.dll
0x00007fffc5bf0000 - 0x00007fffc5c35000 	C:\Users\DELL\AppData\Local\Temp\jna-2094529\jna8179488633281964398.dll
0x00007ff8526d0000 - 0x00007ff8526de000 	C:\Users\DELL\.vscode\extensions\redhat.java-1.16.0-win32-x64\jre\17.0.6-win32-x86_64\bin\sunmscapi.dll
0x00007ff875140000 - 0x00007ff8752a6000 	C:\WINDOWS\System32\CRYPT32.dll
0x00007ff873b60000 - 0x00007ff873b8e000 	C:\WINDOWS\SYSTEM32\ncrypt.dll
0x00007ff873b20000 - 0x00007ff873b57000 	C:\WINDOWS\SYSTEM32\NTASN1.dll
0x00007ff866d90000 - 0x00007ff866d9a000 	C:\Windows\System32\rasadhlp.dll
0x00007ff862790000 - 0x00007ff862813000 	C:\WINDOWS\System32\fwpuclnt.dll
0x00007ff8280d0000 - 0x00007ff8280d8000 	C:\WINDOWS\system32\wshunix.dll

dbghelp: loaded successfully - version: 4.0.5 - missing functions: none
symbol engine: initialized successfully - sym options: 0x614 - pdb path: .;c:\Users\DELL\.vscode\extensions\redhat.java-1.16.0-win32-x64\jre\17.0.6-win32-x86_64\bin;C:\WINDOWS\SYSTEM32;C:\WINDOWS\WinSxS\amd64_microsoft.windows.common-controls_6595b64144ccf1df_6.0.22621.608_none_a9444ca7c10bb01d;c:\Users\DELL\.vscode\extensions\redhat.java-1.16.0-win32-x64\jre\17.0.6-win32-x86_64\bin\server;C:\Users\DELL\AppData\Roaming\Code\User\globalStorage\redhat.java\1.16.0\config_win\org.eclipse.equinox.launcher\org.eclipse.equinox.launcher.win32.win32.x86_64_1.2.700.v20221108-1024;C:\Users\DELL\AppData\Local\Temp\jna-2094529

VM Arguments:
jvm_args: --add-modules=ALL-SYSTEM --add-opens=java.base/java.util=ALL-UNNAMED --add-opens=java.base/java.lang=ALL-UNNAMED --add-opens=java.base/sun.nio.fs=ALL-UNNAMED -Declipse.application=org.eclipse.jdt.ls.core.id1 -Dosgi.bundles.defaultStartLevel=4 -Declipse.product=org.eclipse.jdt.ls.core.product -Djava.import.generatesMetadataFilesAtProjectRoot=false -Dfile.encoding=utf8 -XX:+UseParallelGC -XX:GCTimeRatio=4 -XX:AdaptiveSizePolicyWeight=90 -Dsun.zip.disableMemoryMapping=true -Xmx1G -Xms100m -Xlog:disable -javaagent:c:\Users\DELL\.vscode\extensions\redhat.java-1.16.0-win32-x64\lombok\lombok-1.18.24.jar -XX:+HeapDumpOnOutOfMemoryError -XX:HeapDumpPath=c:\Users\DELL\AppData\Roaming\Code\User\workspaceStorage\8420c852ba8e38163b738c81823d7041\redhat.java 
java_command: c:\Users\DELL\.vscode\extensions\redhat.java-1.16.0-win32-x64\server\plugins\org.eclipse.equinox.launcher_1.6.400.v20210924-0641.jar -configuration c:\Users\DELL\AppData\Roaming\Code\User\globalStorage\redhat.java\1.16.0\config_win -data c:\Users\DELL\AppData\Roaming\Code\User\workspaceStorage\8420c852ba8e38163b738c81823d7041\redhat.java\jdt_ws
java_class_path (initial): c:\Users\DELL\.vscode\extensions\redhat.java-1.16.0-win32-x64\server\plugins\org.eclipse.equinox.launcher_1.6.400.v20210924-0641.jar
Launcher Type: SUN_STANDARD

[Global flags]
    uintx AdaptiveSizePolicyWeight                 = 90                                        {product} {command line}
     intx CICompilerCount                          = 4                                         {product} {ergonomic}
    uintx GCTimeRatio                              = 4                                         {product} {command line}
     bool HeapDumpOnOutOfMemoryError               = true                                   {manageable} {command line}
    ccstr HeapDumpPath                             = c:\Users\DELL\AppData\Roaming\Code\User\workspaceStorage\8420c852ba8e38163b738c81823d7041\redhat.java         {manageable} {command line}
   size_t InitialHeapSize                          = 104857600                                 {product} {command line}
   size_t MaxHeapSize                              = 1073741824                                {product} {command line}
   size_t MaxNewSize                               = 357564416                                 {product} {ergonomic}
   size_t MinHeapDeltaBytes                        = 524288                                    {product} {ergonomic}
   size_t MinHeapSize                              = 104857600                                 {product} {command line}
   size_t NewSize                                  = 34603008                                  {product} {ergonomic}
    uintx NonNMethodCodeHeapSize                   = 5839372                                {pd product} {ergonomic}
    uintx NonProfiledCodeHeapSize                  = 122909434                              {pd product} {ergonomic}
   size_t OldSize                                  = 70254592                                  {product} {ergonomic}
    uintx ProfiledCodeHeapSize                     = 122909434                              {pd product} {ergonomic}
    uintx ReservedCodeCacheSize                    = 251658240                              {pd product} {ergonomic}
     bool SegmentedCodeCache                       = true                                      {product} {ergonomic}
   size_t SoftMaxHeapSize                          = 1073741824                             {manageable} {ergonomic}
     bool UseCompressedClassPointers               = true                           {product lp64_product} {ergonomic}
     bool UseCompressedOops                        = true                           {product lp64_product} {ergonomic}
     bool UseLargePagesIndividualAllocation        = false                                  {pd product} {ergonomic}
     bool UseParallelGC                            = true                                      {product} {command line}

Logging:
Log output configuration:
 #0: stdout all=off uptime,level,tags
 #1: stderr all=off uptime,level,tags

Environment Variables:
JAVA_HOME=C:\Program Files\Java\jdk-11.0.2
PATH=C:\Program Files\Java\jdk-11.0.2\bin;C:\Program Files\Maven\apache-maven-3.9.0\bin;C:\WINDOWS\system32;C:\WINDOWS;C:\WINDOWS\System32\Wbem;C:\WINDOWS\System32\WindowsPowerShell\v1.0\;C:\WINDOWS\System32\OpenSSH\;C:\Program Files\dotnet\;C:\Program Files\nodejs\;C:\Program Files\Docker\Docker\resources\bin;C:\Program Files\MySQL\MySQL Shell 8.0\bin\;C:\Users\DELL\AppData\Local\Microsoft\WindowsApps;;C:\Users\DELL\AppData\Local\Programs\Microsoft VS Code\bin;C:\Program Files\JetBrains\IntelliJ IDEA 2022.3.2\bin;;C:\Users\DELL\AppData\Roaming\npm
USERNAME=DELL
OS=Windows_NT
PROCESSOR_IDENTIFIER=Intel64 Family 6 Model 140 Stepping 2, GenuineIntel
TMP=C:\Users\DELL\AppData\Local\Temp
TEMP=C:\Users\DELL\AppData\Local\Temp



---------------  S Y S T E M  ---------------

OS:
 Windows 11 , 64 bit Build 22621 (10.0.22621.1485)
OS uptime: 4 days 20:05 hours
Hyper-V role detected

CPU: total 8 (initial active 8) (4 cores per cpu, 2 threads per core) family 6 model 140 stepping 2 microcode 0x16, cx8, cmov, fxsr, ht, mmx, 3dnowpref, sse, sse2, sse3, ssse3, sse4.1, sse4.2, popcnt, lzcnt, tsc, tscinvbit, avx, avx2, aes, erms, clmul, bmi1, bmi2, adx, avx512f, avx512dq, avx512cd, avx512bw, avx512vl, sha, fma, vzeroupper, avx512_vpopcntdq, avx512_vpclmulqdq, avx512_vaes, avx512_vnni, clflush, clflushopt, clwb, avx512_vbmi2, avx512_vbmi, hv

Memory: 4k page, system-wide physical 16122M (2753M free)
TotalPageFile size 35578M (AvailPageFile size 10294M)
current process WorkingSet (physical memory assigned to process): 630M, peak: 862M
current process commit charge ("private bytes"): 672M, peak: 838M

vm_info: OpenJDK 64-Bit Server VM (17.0.6+10) for windows-amd64 JRE (17.0.6+10), built on Jan 18 2023 10:08:59 by "temurin" with MS VC++ 16.7 (VS2019)

END.
